<?xml version="1.0" encoding="UTF-8"?>
<testsuite name="com.question.one.service.EmployeeServiceImplTest" tests="1" skipped="0" failures="0" errors="0" timestamp="2021-02-04T20:51:40" hostname="DAANIAHM-M-W2CU" time="0.652">
  <properties/>
  <testcase name="testSaveEmployees()" classname="com.question.one.service.EmployeeServiceImplTest" time="0.652"/>
  <system-out><![CDATA[02:21:41.201 [Test worker] INFO com.question.one.service.EmployeeServiceImpl - Saving a list of employess of size 1 records
02:21:41.207 [Test worker] INFO com.question.one.service.EmployeeServiceImpl - Elapsed time: 8
02:21:41.213 [Test worker] DEBUG com.question.one.service.EmployeeServiceImpl - taskUID
]]></system-out>
  <system-err><![CDATA[]]></system-err>
</testsuite>
